<?xml version="1.0" encoding="UTF-8"?>
<!-- Generated by org.testng.reporters.JUnitReportReporter -->
<testsuite hostname="DESKTOP-0DQ3GU2" failures="0" tests="1" name="com.testNG.testNGdemo" time="0.457" errors="0" timestamp="2025-07-04T09:51:07 IST" skipped="0">
  <testcase classname="com.testNG.testNGdemo" name="Mytest" time="0.457"/>
</testsuite> <!-- com.testNG.testNGdemo -->
